<?xml version="1.0" encoding="UTF-8"?>
<!-- Generated by org.testng.reporters.JUnitReportReporter -->
<testsuite hostname="Piltu" failures="0" tests="5" name="Sample.Case_2TestNGsample" time="0.030" errors="0" timestamp="2024-08-29T20:29:28 IST" skipped="0">
  <testcase classname="Sample.Case_2TestNGsample" name="createuser" time="0.002"/>
  <system-out/>
  <testcase classname="Sample.Case_2TestNGsample" name="createuser" time="0.020"/>
  <system-out/>
  <testcase classname="Sample.Case_2TestNGsample" name="createuser" time="0.003"/>
  <system-out/>
  <testcase classname="Sample.Case_2TestNGsample" name="modifyuser" time="0.002"/>
  <system-out/>
  <testcase classname="Sample.Case_2TestNGsample" name="deleteuser" time="0.003"/>
  <system-out/>
</testsuite> <!-- Sample.Case_2TestNGsample -->
