<?xml version="1.0" encoding="UTF-8"?>
<!-- Generated by org.testng.reporters.JUnitReportReporter -->
<testsuite hostname="Piltu" failures="0" tests="1" name="TestCase_Repostiry.LE_03" time="20.785" errors="0" timestamp="2024-08-30T15:26:24 IST" skipped="0">
  <testcase classname="TestCase_Repostiry.LE_03" name="le_03Case" time="20.785"/>
  <system-out/>
</testsuite> <!-- TestCase_Repostiry.LE_03 -->
