<?xml version="1.0" encoding="UTF-8"?>
<!-- Generated by org.testng.reporters.JUnitReportReporter -->
<testsuite hostname="Piltu" failures="0" tests="2" name="Sample.Sample0" time="0.034" errors="0" timestamp="2024-08-28T09:59:35 IST" skipped="0">
  <testcase classname="Sample.Sample0" name="containsLevelComparision" time="0.003"/>
  <system-out/>
  <testcase classname="Sample.Sample0" name="SoftAssertStrictComparision" time="0.031"/>
  <system-out/>
</testsuite> <!-- Sample.Sample0 -->
