<?xml version="1.0" encoding="UTF-8"?>
<!-- Generated by org.testng.reporters.JUnitReportReporter -->
<testsuite hostname="Piltu" failures="0" tests="3" name="Sample.Sample" time="0.025" errors="0" timestamp="2024-08-27T15:57:34 IST" skipped="0">
  <testcase classname="Sample.Sample" name="deleteUser" time="0.018"/>
  <system-out/>
  <testcase classname="Sample.Sample" name="modifyUser" time="0.004"/>
  <system-out/>
  <testcase classname="Sample.Sample" name="createUser" time="0.003"/>
  <system-out/>
</testsuite> <!-- Sample.Sample -->
