<?xml version="1.0" encoding="UTF-8"?>
<!-- Generated by org.testng.reporters.JUnitReportReporter -->
<testsuite hostname="Piltu" failures="0" tests="1" name="Sample.Case_3TestNGsample" time="0.017" errors="0" timestamp="2024-08-28T10:06:32 IST" skipped="0">
  <testcase classname="Sample.Case_3TestNGsample" name="createuser" time="0.017"/>
  <system-out/>
</testsuite> <!-- Sample.Case_3TestNGsample -->
