<?xml version="1.0" encoding="UTF-8"?>
<!-- Generated by org.testng.reporters.JUnitReportReporter -->
<testsuite hostname="Piltu" failures="0" tests="1" name="TestCase_Repostiry.LE_04" time="18.929" errors="0" timestamp="2024-08-30T15:32:10 IST" skipped="0">
  <testcase classname="TestCase_Repostiry.LE_04" name="le_04Case" time="18.929"/>
  <system-out/>
</testsuite> <!-- TestCase_Repostiry.LE_04 -->
